This file contains any messages produced by compilers while
running configure, to aid debugging if configure makes a mistake.

It was created by vcprompt configure 1.1, which was
generated by GNU Autoconf 2.69.  Invocation command line was

  $ ./configure 

## --------- ##
## Platform. ##
## --------- ##

hostname = T420
uname -m = x86_64
uname -r = 3.19.0-59-generic
uname -s = Linux
uname -v = #66~14.04.1-Ubuntu SMP Fri May 13 17:27:10 UTC 2016

/usr/bin/uname -p = unknown
/bin/uname -X     = unknown

/bin/arch              = unknown
/usr/bin/arch -k       = unknown
/usr/convex/getsysinfo = unknown
/usr/bin/hostinfo      = unknown
/bin/machine           = unknown
/usr/bin/oslevel       = unknown
/bin/universe          = unknown

PATH: /home/sensukho/.fzf/bin
PATH: /home/sensukho/bin
PATH: /home/sensukho/bin
PATH: /usr/local/sbin
PATH: /usr/local/bin
PATH: /usr/sbin
PATH: /usr/bin
PATH: /sbin
PATH: /bin
PATH: /usr/games
PATH: /usr/local/games


## ----------- ##
## Core tests. ##
## ----------- ##

configure:2264: checking for gcc
configure:2280: found /usr/bin/gcc
configure:2291: result: gcc
configure:2520: checking for C compiler version
configure:2529: gcc --version >&5
gcc (Ubuntu 4.8.4-2ubuntu1~14.04.3) 4.8.4
Copyright (C) 2013 Free Software Foundation, Inc.
This is free software; see the source for copying conditions.  There is NO
warranty; not even for MERCHANTABILITY or FITNESS FOR A PARTICULAR PURPOSE.

configure:2540: $? = 0
configure:2529: gcc -v >&5
Using built-in specs.
COLLECT_GCC=gcc
COLLECT_LTO_WRAPPER=/usr/lib/gcc/x86_64-linux-gnu/4.8/lto-wrapper
Target: x86_64-linux-gnu
Configured with: ../src/configure -v --with-pkgversion='Ubuntu 4.8.4-2ubuntu1~14.04.3' --with-bugurl=file:///usr/share/doc/gcc-4.8/README.Bugs --enable-languages=c,c++,java,go,d,fortran,objc,obj-c++ --prefix=/usr --program-suffix=-4.8 --enable-shared --enable-linker-build-id --libexecdir=/usr/lib --without-included-gettext --enable-threads=posix --with-gxx-include-dir=/usr/include/c++/4.8 --libdir=/usr/lib --enable-nls --with-sysroot=/ --enable-clocale=gnu --enable-libstdcxx-debug --enable-libstdcxx-time=yes --enable-gnu-unique-object --disable-libmudflap --enable-plugin --with-system-zlib --disable-browser-plugin --enable-java-awt=gtk --enable-gtk-cairo --with-java-home=/usr/lib/jvm/java-1.5.0-gcj-4.8-amd64/jre --enable-java-home --with-jvm-root-dir=/usr/lib/jvm/java-1.5.0-gcj-4.8-amd64 --with-jvm-jar-dir=/usr/lib/jvm-exports/java-1.5.0-gcj-4.8-amd64 --with-arch-directory=amd64 --with-ecj-jar=/usr/share/java/eclipse-ecj.jar --enable-objc-gc --enable-multiarch --disable-werror --with-arch-32=i686 --with-abi=m64 --with-multilib-list=m32,m64,mx32 --with-tune=generic --enable-checking=release --build=x86_64-linux-gnu --host=x86_64-linux-gnu --target=x86_64-linux-gnu
Thread model: posix
gcc version 4.8.4 (Ubuntu 4.8.4-2ubuntu1~14.04.3) 
configure:2540: $? = 0
configure:2529: gcc -V >&5
gcc: error: unrecognized command line option '-V'
gcc: fatal error: no input files
compilation terminated.
configure:2540: $? = 4
configure:2529: gcc -qversion >&5
gcc: error: unrecognized command line option '-qversion'
gcc: fatal error: no input files
compilation terminated.
configure:2540: $? = 4
configure:2560: checking whether the C compiler works
configure:2582: gcc    conftest.c  >&5
configure:2586: $? = 0
configure:2634: result: yes
configure:2637: checking for C compiler default output file name
configure:2639: result: a.out
configure:2645: checking for suffix of executables
configure:2652: gcc -o conftest    conftest.c  >&5
configure:2656: $? = 0
configure:2678: result: 
configure:2700: checking whether we are cross compiling
configure:2708: gcc -o conftest    conftest.c  >&5
configure:2712: $? = 0
configure:2719: ./conftest
configure:2723: $? = 0
configure:2738: result: no
configure:2743: checking for suffix of object files
configure:2765: gcc -c   conftest.c >&5
configure:2769: $? = 0
configure:2790: result: o
configure:2794: checking whether we are using the GNU C compiler
configure:2813: gcc -c   conftest.c >&5
configure:2813: $? = 0
configure:2822: result: yes
configure:2831: checking whether gcc accepts -g
configure:2851: gcc -c -g  conftest.c >&5
configure:2851: $? = 0
configure:2892: result: yes
configure:2909: checking for gcc option to accept ISO C89
configure:2972: gcc  -c -g -O2  conftest.c >&5
configure:2972: $? = 0
configure:2985: result: none needed
configure:3005: checking for gcc option to accept ISO C99
configure:3154: gcc  -c -g -O2  conftest.c >&5
conftest.c:59:29: error: expected ';', ',' or ')' before 'text'
 test_restrict (ccp restrict text)
                             ^
conftest.c: In function 'main':
conftest.c:113:18: error: expected '=', ',', ';', 'asm' or '__attribute__' before 'newvar'
   char *restrict newvar = "Another string";
                  ^
conftest.c:113:18: error: 'newvar' undeclared (first use in this function)
conftest.c:113:18: note: each undeclared identifier is reported only once for each function it appears in
conftest.c:123:3: error: 'for' loop initial declarations are only allowed in C99 mode
   for (int i = 0; i < ia->datasize; ++i)
   ^
conftest.c:123:3: note: use option -std=c99 or -std=gnu99 to compile your code
configure:3154: $? = 1
configure: failed program was:
| /* confdefs.h */
| #define PACKAGE_NAME "vcprompt"
| #define PACKAGE_TARNAME "vcprompt"
| #define PACKAGE_VERSION "1.1"
| #define PACKAGE_STRING "vcprompt 1.1"
| #define PACKAGE_BUGREPORT "vcprompt-devel@googlegroups.com"
| #define PACKAGE_URL ""
| /* end confdefs.h.  */
| #include <stdarg.h>
| #include <stdbool.h>
| #include <stdlib.h>
| #include <wchar.h>
| #include <stdio.h>
| 
| // Check varargs macros.  These examples are taken from C99 6.10.3.5.
| #define debug(...) fprintf (stderr, __VA_ARGS__)
| #define showlist(...) puts (#__VA_ARGS__)
| #define report(test,...) ((test) ? puts (#test) : printf (__VA_ARGS__))
| static void
| test_varargs_macros (void)
| {
|   int x = 1234;
|   int y = 5678;
|   debug ("Flag");
|   debug ("X = %d\n", x);
|   showlist (The first, second, and third items.);
|   report (x>y, "x is %d but y is %d", x, y);
| }
| 
| // Check long long types.
| #define BIG64 18446744073709551615ull
| #define BIG32 4294967295ul
| #define BIG_OK (BIG64 / BIG32 == 4294967297ull && BIG64 % BIG32 == 0)
| #if !BIG_OK
|   your preprocessor is broken;
| #endif
| #if BIG_OK
| #else
|   your preprocessor is broken;
| #endif
| static long long int bignum = -9223372036854775807LL;
| static unsigned long long int ubignum = BIG64;
| 
| struct incomplete_array
| {
|   int datasize;
|   double data[];
| };
| 
| struct named_init {
|   int number;
|   const wchar_t *name;
|   double average;
| };
| 
| typedef const char *ccp;
| 
| static inline int
| test_restrict (ccp restrict text)
| {
|   // See if C++-style comments work.
|   // Iterate through items via the restricted pointer.
|   // Also check for declarations in for loops.
|   for (unsigned int i = 0; *(text+i) != '\0'; ++i)
|     continue;
|   return 0;
| }
| 
| // Check varargs and va_copy.
| static void
| test_varargs (const char *format, ...)
| {
|   va_list args;
|   va_start (args, format);
|   va_list args_copy;
|   va_copy (args_copy, args);
| 
|   const char *str;
|   int number;
|   float fnumber;
| 
|   while (*format)
|     {
|       switch (*format++)
| 	{
| 	case 's': // string
| 	  str = va_arg (args_copy, const char *);
| 	  break;
| 	case 'd': // int
| 	  number = va_arg (args_copy, int);
| 	  break;
| 	case 'f': // float
| 	  fnumber = va_arg (args_copy, double);
| 	  break;
| 	default:
| 	  break;
| 	}
|     }
|   va_end (args_copy);
|   va_end (args);
| }
| 
| int
| main ()
| {
| 
|   // Check bool.
|   _Bool success = false;
| 
|   // Check restrict.
|   if (test_restrict ("String literal") == 0)
|     success = true;
|   char *restrict newvar = "Another string";
| 
|   // Check varargs.
|   test_varargs ("s, d' f .", "string", 65, 34.234);
|   test_varargs_macros ();
| 
|   // Check flexible array members.
|   struct incomplete_array *ia =
|     malloc (sizeof (struct incomplete_array) + (sizeof (double) * 10));
|   ia->datasize = 10;
|   for (int i = 0; i < ia->datasize; ++i)
|     ia->data[i] = i * 1.234;
| 
|   // Check named initializers.
|   struct named_init ni = {
|     .number = 34,
|     .name = L"Test wide string",
|     .average = 543.34343,
|   };
| 
|   ni.number = 58;
| 
|   int dynamic_array[ni.number];
|   dynamic_array[ni.number - 1] = 543;
| 
|   // work around unused variable warnings
|   return (!success || bignum == 0LL || ubignum == 0uLL || newvar[0] == 'x'
| 	  || dynamic_array[ni.number - 1] != 543);
| 
|   ;
|   return 0;
| }
configure:3154: gcc -std=gnu99 -c -g -O2  conftest.c >&5
configure:3154: $? = 0
configure:3174: result: -std=gnu99
configure:3182: checking whether make sets $(MAKE)
configure:3204: result: yes
configure:3226: checking how to run the C preprocessor
configure:3257: gcc -std=gnu99 -E  conftest.c
configure:3257: $? = 0
configure:3271: gcc -std=gnu99 -E  conftest.c
conftest.c:9:28: fatal error: ac_nonexistent.h: No such file or directory
 #include <ac_nonexistent.h>
                            ^
compilation terminated.
configure:3271: $? = 1
configure: failed program was:
| /* confdefs.h */
| #define PACKAGE_NAME "vcprompt"
| #define PACKAGE_TARNAME "vcprompt"
| #define PACKAGE_VERSION "1.1"
| #define PACKAGE_STRING "vcprompt 1.1"
| #define PACKAGE_BUGREPORT "vcprompt-devel@googlegroups.com"
| #define PACKAGE_URL ""
| /* end confdefs.h.  */
| #include <ac_nonexistent.h>
configure:3296: result: gcc -std=gnu99 -E
configure:3316: gcc -std=gnu99 -E  conftest.c
configure:3316: $? = 0
configure:3330: gcc -std=gnu99 -E  conftest.c
conftest.c:9:28: fatal error: ac_nonexistent.h: No such file or directory
 #include <ac_nonexistent.h>
                            ^
compilation terminated.
configure:3330: $? = 1
configure: failed program was:
| /* confdefs.h */
| #define PACKAGE_NAME "vcprompt"
| #define PACKAGE_TARNAME "vcprompt"
| #define PACKAGE_VERSION "1.1"
| #define PACKAGE_STRING "vcprompt 1.1"
| #define PACKAGE_BUGREPORT "vcprompt-devel@googlegroups.com"
| #define PACKAGE_URL ""
| /* end confdefs.h.  */
| #include <ac_nonexistent.h>
configure:3359: checking for grep that handles long lines and -e
configure:3417: result: /bin/grep
configure:3422: checking for egrep
configure:3484: result: /bin/grep -E
configure:3489: checking for ANSI C header files
configure:3509: gcc -std=gnu99 -c -g -O2 -Wall -Wextra -Wno-unused-parameter  conftest.c >&5
configure:3509: $? = 0
configure:3582: gcc -std=gnu99 -o conftest -g -O2 -Wall -Wextra -Wno-unused-parameter   conftest.c  >&5
configure:3582: $? = 0
configure:3582: ./conftest
configure:3582: $? = 0
configure:3593: result: yes
configure:3606: checking for sys/types.h
configure:3606: gcc -std=gnu99 -c -g -O2 -Wall -Wextra -Wno-unused-parameter  conftest.c >&5
configure:3606: $? = 0
configure:3606: result: yes
configure:3606: checking for sys/stat.h
configure:3606: gcc -std=gnu99 -c -g -O2 -Wall -Wextra -Wno-unused-parameter  conftest.c >&5
configure:3606: $? = 0
configure:3606: result: yes
configure:3606: checking for stdlib.h
configure:3606: gcc -std=gnu99 -c -g -O2 -Wall -Wextra -Wno-unused-parameter  conftest.c >&5
configure:3606: $? = 0
configure:3606: result: yes
configure:3606: checking for string.h
configure:3606: gcc -std=gnu99 -c -g -O2 -Wall -Wextra -Wno-unused-parameter  conftest.c >&5
configure:3606: $? = 0
configure:3606: result: yes
configure:3606: checking for memory.h
configure:3606: gcc -std=gnu99 -c -g -O2 -Wall -Wextra -Wno-unused-parameter  conftest.c >&5
configure:3606: $? = 0
configure:3606: result: yes
configure:3606: checking for strings.h
configure:3606: gcc -std=gnu99 -c -g -O2 -Wall -Wextra -Wno-unused-parameter  conftest.c >&5
configure:3606: $? = 0
configure:3606: result: yes
configure:3606: checking for inttypes.h
configure:3606: gcc -std=gnu99 -c -g -O2 -Wall -Wextra -Wno-unused-parameter  conftest.c >&5
configure:3606: $? = 0
configure:3606: result: yes
configure:3606: checking for stdint.h
configure:3606: gcc -std=gnu99 -c -g -O2 -Wall -Wextra -Wno-unused-parameter  conftest.c >&5
configure:3606: $? = 0
configure:3606: result: yes
configure:3606: checking for unistd.h
configure:3606: gcc -std=gnu99 -c -g -O2 -Wall -Wextra -Wno-unused-parameter  conftest.c >&5
configure:3606: $? = 0
configure:3606: result: yes
configure:3621: checking arpa/inet.h usability
configure:3621: gcc -std=gnu99 -c -g -O2 -Wall -Wextra -Wno-unused-parameter  conftest.c >&5
configure:3621: $? = 0
configure:3621: result: yes
configure:3621: checking arpa/inet.h presence
configure:3621: gcc -std=gnu99 -E  conftest.c
configure:3621: $? = 0
configure:3621: result: yes
configure:3621: checking for arpa/inet.h
configure:3621: result: yes
configure:3621: checking for stdlib.h
configure:3621: result: yes
configure:3621: checking for string.h
configure:3621: result: yes
configure:3621: checking sys/time.h usability
configure:3621: gcc -std=gnu99 -c -g -O2 -Wall -Wextra -Wno-unused-parameter  conftest.c >&5
configure:3621: $? = 0
configure:3621: result: yes
configure:3621: checking sys/time.h presence
configure:3621: gcc -std=gnu99 -E  conftest.c
configure:3621: $? = 0
configure:3621: result: yes
configure:3621: checking for sys/time.h
configure:3621: result: yes
configure:3621: checking for unistd.h
configure:3621: result: yes
configure:3636: checking sqlite3.h usability
configure:3636: gcc -std=gnu99 -c -g -O2 -Wall -Wextra -Wno-unused-parameter  conftest.c >&5
conftest.c:57:21: fatal error: sqlite3.h: No such file or directory
 #include <sqlite3.h>
                     ^
compilation terminated.
configure:3636: $? = 1
configure: failed program was:
| /* confdefs.h */
| #define PACKAGE_NAME "vcprompt"
| #define PACKAGE_TARNAME "vcprompt"
| #define PACKAGE_VERSION "1.1"
| #define PACKAGE_STRING "vcprompt 1.1"
| #define PACKAGE_BUGREPORT "vcprompt-devel@googlegroups.com"
| #define PACKAGE_URL ""
| #define STDC_HEADERS 1
| #define HAVE_SYS_TYPES_H 1
| #define HAVE_SYS_STAT_H 1
| #define HAVE_STDLIB_H 1
| #define HAVE_STRING_H 1
| #define HAVE_MEMORY_H 1
| #define HAVE_STRINGS_H 1
| #define HAVE_INTTYPES_H 1
| #define HAVE_STDINT_H 1
| #define HAVE_UNISTD_H 1
| #define HAVE_ARPA_INET_H 1
| #define HAVE_STDLIB_H 1
| #define HAVE_STRING_H 1
| #define HAVE_SYS_TIME_H 1
| #define HAVE_UNISTD_H 1
| /* end confdefs.h.  */
| #include <stdio.h>
| #ifdef HAVE_SYS_TYPES_H
| # include <sys/types.h>
| #endif
| #ifdef HAVE_SYS_STAT_H
| # include <sys/stat.h>
| #endif
| #ifdef STDC_HEADERS
| # include <stdlib.h>
| # include <stddef.h>
| #else
| # ifdef HAVE_STDLIB_H
| #  include <stdlib.h>
| # endif
| #endif
| #ifdef HAVE_STRING_H
| # if !defined STDC_HEADERS && defined HAVE_MEMORY_H
| #  include <memory.h>
| # endif
| # include <string.h>
| #endif
| #ifdef HAVE_STRINGS_H
| # include <strings.h>
| #endif
| #ifdef HAVE_INTTYPES_H
| # include <inttypes.h>
| #endif
| #ifdef HAVE_STDINT_H
| # include <stdint.h>
| #endif
| #ifdef HAVE_UNISTD_H
| # include <unistd.h>
| #endif
| #include <sqlite3.h>
configure:3636: result: no
configure:3636: checking sqlite3.h presence
configure:3636: gcc -std=gnu99 -E  conftest.c
conftest.c:24:21: fatal error: sqlite3.h: No such file or directory
 #include <sqlite3.h>
                     ^
compilation terminated.
configure:3636: $? = 1
configure: failed program was:
| /* confdefs.h */
| #define PACKAGE_NAME "vcprompt"
| #define PACKAGE_TARNAME "vcprompt"
| #define PACKAGE_VERSION "1.1"
| #define PACKAGE_STRING "vcprompt 1.1"
| #define PACKAGE_BUGREPORT "vcprompt-devel@googlegroups.com"
| #define PACKAGE_URL ""
| #define STDC_HEADERS 1
| #define HAVE_SYS_TYPES_H 1
| #define HAVE_SYS_STAT_H 1
| #define HAVE_STDLIB_H 1
| #define HAVE_STRING_H 1
| #define HAVE_MEMORY_H 1
| #define HAVE_STRINGS_H 1
| #define HAVE_INTTYPES_H 1
| #define HAVE_STDINT_H 1
| #define HAVE_UNISTD_H 1
| #define HAVE_ARPA_INET_H 1
| #define HAVE_STDLIB_H 1
| #define HAVE_STRING_H 1
| #define HAVE_SYS_TIME_H 1
| #define HAVE_UNISTD_H 1
| /* end confdefs.h.  */
| #include <sqlite3.h>
configure:3636: result: no
configure:3636: checking for sqlite3.h
configure:3636: result: no
configure:3646: checking for sqlite3_open_v2 in -lsqlite3
configure:3671: gcc -std=gnu99 -o conftest -g -O2 -Wall -Wextra -Wno-unused-parameter   conftest.c -lsqlite3   >&5
/usr/bin/ld: cannot find -lsqlite3
collect2: error: ld returned 1 exit status
configure:3671: $? = 1
configure: failed program was:
| /* confdefs.h */
| #define PACKAGE_NAME "vcprompt"
| #define PACKAGE_TARNAME "vcprompt"
| #define PACKAGE_VERSION "1.1"
| #define PACKAGE_STRING "vcprompt 1.1"
| #define PACKAGE_BUGREPORT "vcprompt-devel@googlegroups.com"
| #define PACKAGE_URL ""
| #define STDC_HEADERS 1
| #define HAVE_SYS_TYPES_H 1
| #define HAVE_SYS_STAT_H 1
| #define HAVE_STDLIB_H 1
| #define HAVE_STRING_H 1
| #define HAVE_MEMORY_H 1
| #define HAVE_STRINGS_H 1
| #define HAVE_INTTYPES_H 1
| #define HAVE_STDINT_H 1
| #define HAVE_UNISTD_H 1
| #define HAVE_ARPA_INET_H 1
| #define HAVE_STDLIB_H 1
| #define HAVE_STRING_H 1
| #define HAVE_SYS_TIME_H 1
| #define HAVE_UNISTD_H 1
| /* end confdefs.h.  */
| 
| /* Override any GCC internal prototype to avoid an error.
|    Use char because int might match the return type of a GCC
|    builtin and then its argument prototype would still apply.  */
| #ifdef __cplusplus
| extern "C"
| #endif
| char sqlite3_open_v2 ();
| int
| main ()
| {
| return sqlite3_open_v2 ();
|   ;
|   return 0;
| }
configure:3680: result: no
configure:3754: checking for mode_t
configure:3754: gcc -std=gnu99 -c -g -O2 -Wall -Wextra -Wno-unused-parameter  conftest.c >&5
configure:3754: $? = 0
configure:3754: gcc -std=gnu99 -c -g -O2 -Wall -Wextra -Wno-unused-parameter  conftest.c >&5
conftest.c: In function 'main':
conftest.c:60:21: error: expected expression before ')' token
 if (sizeof ((mode_t)))
                     ^
configure:3754: $? = 1
configure: failed program was:
| /* confdefs.h */
| #define PACKAGE_NAME "vcprompt"
| #define PACKAGE_TARNAME "vcprompt"
| #define PACKAGE_VERSION "1.1"
| #define PACKAGE_STRING "vcprompt 1.1"
| #define PACKAGE_BUGREPORT "vcprompt-devel@googlegroups.com"
| #define PACKAGE_URL ""
| #define STDC_HEADERS 1
| #define HAVE_SYS_TYPES_H 1
| #define HAVE_SYS_STAT_H 1
| #define HAVE_STDLIB_H 1
| #define HAVE_STRING_H 1
| #define HAVE_MEMORY_H 1
| #define HAVE_STRINGS_H 1
| #define HAVE_INTTYPES_H 1
| #define HAVE_STDINT_H 1
| #define HAVE_UNISTD_H 1
| #define HAVE_ARPA_INET_H 1
| #define HAVE_STDLIB_H 1
| #define HAVE_STRING_H 1
| #define HAVE_SYS_TIME_H 1
| #define HAVE_UNISTD_H 1
| /* end confdefs.h.  */
| #include <stdio.h>
| #ifdef HAVE_SYS_TYPES_H
| # include <sys/types.h>
| #endif
| #ifdef HAVE_SYS_STAT_H
| # include <sys/stat.h>
| #endif
| #ifdef STDC_HEADERS
| # include <stdlib.h>
| # include <stddef.h>
| #else
| # ifdef HAVE_STDLIB_H
| #  include <stdlib.h>
| # endif
| #endif
| #ifdef HAVE_STRING_H
| # if !defined STDC_HEADERS && defined HAVE_MEMORY_H
| #  include <memory.h>
| # endif
| # include <string.h>
| #endif
| #ifdef HAVE_STRINGS_H
| # include <strings.h>
| #endif
| #ifdef HAVE_INTTYPES_H
| # include <inttypes.h>
| #endif
| #ifdef HAVE_STDINT_H
| # include <stdint.h>
| #endif
| #ifdef HAVE_UNISTD_H
| # include <unistd.h>
| #endif
| int
| main ()
| {
| if (sizeof ((mode_t)))
| 	    return 0;
|   ;
|   return 0;
| }
configure:3754: result: yes
configure:3765: checking for pid_t
configure:3765: gcc -std=gnu99 -c -g -O2 -Wall -Wextra -Wno-unused-parameter  conftest.c >&5
configure:3765: $? = 0
configure:3765: gcc -std=gnu99 -c -g -O2 -Wall -Wextra -Wno-unused-parameter  conftest.c >&5
conftest.c: In function 'main':
conftest.c:60:20: error: expected expression before ')' token
 if (sizeof ((pid_t)))
                    ^
configure:3765: $? = 1
configure: failed program was:
| /* confdefs.h */
| #define PACKAGE_NAME "vcprompt"
| #define PACKAGE_TARNAME "vcprompt"
| #define PACKAGE_VERSION "1.1"
| #define PACKAGE_STRING "vcprompt 1.1"
| #define PACKAGE_BUGREPORT "vcprompt-devel@googlegroups.com"
| #define PACKAGE_URL ""
| #define STDC_HEADERS 1
| #define HAVE_SYS_TYPES_H 1
| #define HAVE_SYS_STAT_H 1
| #define HAVE_STDLIB_H 1
| #define HAVE_STRING_H 1
| #define HAVE_MEMORY_H 1
| #define HAVE_STRINGS_H 1
| #define HAVE_INTTYPES_H 1
| #define HAVE_STDINT_H 1
| #define HAVE_UNISTD_H 1
| #define HAVE_ARPA_INET_H 1
| #define HAVE_STDLIB_H 1
| #define HAVE_STRING_H 1
| #define HAVE_SYS_TIME_H 1
| #define HAVE_UNISTD_H 1
| /* end confdefs.h.  */
| #include <stdio.h>
| #ifdef HAVE_SYS_TYPES_H
| # include <sys/types.h>
| #endif
| #ifdef HAVE_SYS_STAT_H
| # include <sys/stat.h>
| #endif
| #ifdef STDC_HEADERS
| # include <stdlib.h>
| # include <stddef.h>
| #else
| # ifdef HAVE_STDLIB_H
| #  include <stdlib.h>
| # endif
| #endif
| #ifdef HAVE_STRING_H
| # if !defined STDC_HEADERS && defined HAVE_MEMORY_H
| #  include <memory.h>
| # endif
| # include <string.h>
| #endif
| #ifdef HAVE_STRINGS_H
| # include <strings.h>
| #endif
| #ifdef HAVE_INTTYPES_H
| # include <inttypes.h>
| #endif
| #ifdef HAVE_STDINT_H
| # include <stdint.h>
| #endif
| #ifdef HAVE_UNISTD_H
| # include <unistd.h>
| #endif
| int
| main ()
| {
| if (sizeof ((pid_t)))
| 	    return 0;
|   ;
|   return 0;
| }
configure:3765: result: yes
configure:3776: checking for size_t
configure:3776: gcc -std=gnu99 -c -g -O2 -Wall -Wextra -Wno-unused-parameter  conftest.c >&5
configure:3776: $? = 0
configure:3776: gcc -std=gnu99 -c -g -O2 -Wall -Wextra -Wno-unused-parameter  conftest.c >&5
conftest.c: In function 'main':
conftest.c:60:21: error: expected expression before ')' token
 if (sizeof ((size_t)))
                     ^
configure:3776: $? = 1
configure: failed program was:
| /* confdefs.h */
| #define PACKAGE_NAME "vcprompt"
| #define PACKAGE_TARNAME "vcprompt"
| #define PACKAGE_VERSION "1.1"
| #define PACKAGE_STRING "vcprompt 1.1"
| #define PACKAGE_BUGREPORT "vcprompt-devel@googlegroups.com"
| #define PACKAGE_URL ""
| #define STDC_HEADERS 1
| #define HAVE_SYS_TYPES_H 1
| #define HAVE_SYS_STAT_H 1
| #define HAVE_STDLIB_H 1
| #define HAVE_STRING_H 1
| #define HAVE_MEMORY_H 1
| #define HAVE_STRINGS_H 1
| #define HAVE_INTTYPES_H 1
| #define HAVE_STDINT_H 1
| #define HAVE_UNISTD_H 1
| #define HAVE_ARPA_INET_H 1
| #define HAVE_STDLIB_H 1
| #define HAVE_STRING_H 1
| #define HAVE_SYS_TIME_H 1
| #define HAVE_UNISTD_H 1
| /* end confdefs.h.  */
| #include <stdio.h>
| #ifdef HAVE_SYS_TYPES_H
| # include <sys/types.h>
| #endif
| #ifdef HAVE_SYS_STAT_H
| # include <sys/stat.h>
| #endif
| #ifdef STDC_HEADERS
| # include <stdlib.h>
| # include <stddef.h>
| #else
| # ifdef HAVE_STDLIB_H
| #  include <stdlib.h>
| # endif
| #endif
| #ifdef HAVE_STRING_H
| # if !defined STDC_HEADERS && defined HAVE_MEMORY_H
| #  include <memory.h>
| # endif
| # include <string.h>
| #endif
| #ifdef HAVE_STRINGS_H
| # include <strings.h>
| #endif
| #ifdef HAVE_INTTYPES_H
| # include <inttypes.h>
| #endif
| #ifdef HAVE_STDINT_H
| # include <stdint.h>
| #endif
| #ifdef HAVE_UNISTD_H
| # include <unistd.h>
| #endif
| int
| main ()
| {
| if (sizeof ((size_t)))
| 	    return 0;
|   ;
|   return 0;
| }
configure:3776: result: yes
configure:3787: checking for ssize_t
configure:3787: gcc -std=gnu99 -c -g -O2 -Wall -Wextra -Wno-unused-parameter  conftest.c >&5
configure:3787: $? = 0
configure:3787: gcc -std=gnu99 -c -g -O2 -Wall -Wextra -Wno-unused-parameter  conftest.c >&5
conftest.c: In function 'main':
conftest.c:60:22: error: expected expression before ')' token
 if (sizeof ((ssize_t)))
                      ^
configure:3787: $? = 1
configure: failed program was:
| /* confdefs.h */
| #define PACKAGE_NAME "vcprompt"
| #define PACKAGE_TARNAME "vcprompt"
| #define PACKAGE_VERSION "1.1"
| #define PACKAGE_STRING "vcprompt 1.1"
| #define PACKAGE_BUGREPORT "vcprompt-devel@googlegroups.com"
| #define PACKAGE_URL ""
| #define STDC_HEADERS 1
| #define HAVE_SYS_TYPES_H 1
| #define HAVE_SYS_STAT_H 1
| #define HAVE_STDLIB_H 1
| #define HAVE_STRING_H 1
| #define HAVE_MEMORY_H 1
| #define HAVE_STRINGS_H 1
| #define HAVE_INTTYPES_H 1
| #define HAVE_STDINT_H 1
| #define HAVE_UNISTD_H 1
| #define HAVE_ARPA_INET_H 1
| #define HAVE_STDLIB_H 1
| #define HAVE_STRING_H 1
| #define HAVE_SYS_TIME_H 1
| #define HAVE_UNISTD_H 1
| /* end confdefs.h.  */
| #include <stdio.h>
| #ifdef HAVE_SYS_TYPES_H
| # include <sys/types.h>
| #endif
| #ifdef HAVE_SYS_STAT_H
| # include <sys/stat.h>
| #endif
| #ifdef STDC_HEADERS
| # include <stdlib.h>
| # include <stddef.h>
| #else
| # ifdef HAVE_STDLIB_H
| #  include <stdlib.h>
| # endif
| #endif
| #ifdef HAVE_STRING_H
| # if !defined STDC_HEADERS && defined HAVE_MEMORY_H
| #  include <memory.h>
| # endif
| # include <string.h>
| #endif
| #ifdef HAVE_STRINGS_H
| # include <strings.h>
| #endif
| #ifdef HAVE_INTTYPES_H
| # include <inttypes.h>
| #endif
| #ifdef HAVE_STDINT_H
| # include <stdint.h>
| #endif
| #ifdef HAVE_UNISTD_H
| # include <unistd.h>
| #endif
| int
| main ()
| {
| if (sizeof ((ssize_t)))
| 	    return 0;
|   ;
|   return 0;
| }
configure:3787: result: yes
configure:3798: checking for uint32_t
configure:3798: gcc -std=gnu99 -c -g -O2 -Wall -Wextra -Wno-unused-parameter  conftest.c >&5
configure:3798: $? = 0
configure:3798: result: yes
configure:3816: checking vfork.h usability
configure:3816: gcc -std=gnu99 -c -g -O2 -Wall -Wextra -Wno-unused-parameter  conftest.c >&5
conftest.c:57:19: fatal error: vfork.h: No such file or directory
 #include <vfork.h>
                   ^
compilation terminated.
configure:3816: $? = 1
configure: failed program was:
| /* confdefs.h */
| #define PACKAGE_NAME "vcprompt"
| #define PACKAGE_TARNAME "vcprompt"
| #define PACKAGE_VERSION "1.1"
| #define PACKAGE_STRING "vcprompt 1.1"
| #define PACKAGE_BUGREPORT "vcprompt-devel@googlegroups.com"
| #define PACKAGE_URL ""
| #define STDC_HEADERS 1
| #define HAVE_SYS_TYPES_H 1
| #define HAVE_SYS_STAT_H 1
| #define HAVE_STDLIB_H 1
| #define HAVE_STRING_H 1
| #define HAVE_MEMORY_H 1
| #define HAVE_STRINGS_H 1
| #define HAVE_INTTYPES_H 1
| #define HAVE_STDINT_H 1
| #define HAVE_UNISTD_H 1
| #define HAVE_ARPA_INET_H 1
| #define HAVE_STDLIB_H 1
| #define HAVE_STRING_H 1
| #define HAVE_SYS_TIME_H 1
| #define HAVE_UNISTD_H 1
| /* end confdefs.h.  */
| #include <stdio.h>
| #ifdef HAVE_SYS_TYPES_H
| # include <sys/types.h>
| #endif
| #ifdef HAVE_SYS_STAT_H
| # include <sys/stat.h>
| #endif
| #ifdef STDC_HEADERS
| # include <stdlib.h>
| # include <stddef.h>
| #else
| # ifdef HAVE_STDLIB_H
| #  include <stdlib.h>
| # endif
| #endif
| #ifdef HAVE_STRING_H
| # if !defined STDC_HEADERS && defined HAVE_MEMORY_H
| #  include <memory.h>
| # endif
| # include <string.h>
| #endif
| #ifdef HAVE_STRINGS_H
| # include <strings.h>
| #endif
| #ifdef HAVE_INTTYPES_H
| # include <inttypes.h>
| #endif
| #ifdef HAVE_STDINT_H
| # include <stdint.h>
| #endif
| #ifdef HAVE_UNISTD_H
| # include <unistd.h>
| #endif
| #include <vfork.h>
configure:3816: result: no
configure:3816: checking vfork.h presence
configure:3816: gcc -std=gnu99 -E  conftest.c
conftest.c:24:19: fatal error: vfork.h: No such file or directory
 #include <vfork.h>
                   ^
compilation terminated.
configure:3816: $? = 1
configure: failed program was:
| /* confdefs.h */
| #define PACKAGE_NAME "vcprompt"
| #define PACKAGE_TARNAME "vcprompt"
| #define PACKAGE_VERSION "1.1"
| #define PACKAGE_STRING "vcprompt 1.1"
| #define PACKAGE_BUGREPORT "vcprompt-devel@googlegroups.com"
| #define PACKAGE_URL ""
| #define STDC_HEADERS 1
| #define HAVE_SYS_TYPES_H 1
| #define HAVE_SYS_STAT_H 1
| #define HAVE_STDLIB_H 1
| #define HAVE_STRING_H 1
| #define HAVE_MEMORY_H 1
| #define HAVE_STRINGS_H 1
| #define HAVE_INTTYPES_H 1
| #define HAVE_STDINT_H 1
| #define HAVE_UNISTD_H 1
| #define HAVE_ARPA_INET_H 1
| #define HAVE_STDLIB_H 1
| #define HAVE_STRING_H 1
| #define HAVE_SYS_TIME_H 1
| #define HAVE_UNISTD_H 1
| /* end confdefs.h.  */
| #include <vfork.h>
configure:3816: result: no
configure:3816: checking for vfork.h
configure:3816: result: no
configure:3829: checking for fork
configure:3829: gcc -std=gnu99 -o conftest -g -O2 -Wall -Wextra -Wno-unused-parameter   conftest.c  >&5
conftest.c:47:6: warning: conflicting types for built-in function 'fork' [enabled by default]
 char fork ();
      ^
configure:3829: $? = 0
configure:3829: result: yes
configure:3829: checking for vfork
configure:3829: gcc -std=gnu99 -o conftest -g -O2 -Wall -Wextra -Wno-unused-parameter   conftest.c  >&5
configure:3829: $? = 0
configure:3829: result: yes
configure:3839: checking for working fork
configure:3861: gcc -std=gnu99 -o conftest -g -O2 -Wall -Wextra -Wno-unused-parameter   conftest.c  >&5
configure:3861: $? = 0
configure:3861: ./conftest
configure:3861: $? = 0
configure:3871: result: yes
configure:3892: checking for working vfork
configure:4002: result: yes
configure:4029: checking for stdlib.h
configure:4029: result: yes
configure:4039: checking for GNU libc compatible malloc
configure:4063: gcc -std=gnu99 -o conftest -g -O2 -Wall -Wextra -Wno-unused-parameter   conftest.c  >&5
configure:4063: $? = 0
configure:4063: ./conftest
configure:4063: $? = 0
configure:4073: result: yes
configure:4096: checking for stdlib.h
configure:4096: result: yes
configure:4106: checking for GNU libc compatible realloc
configure:4130: gcc -std=gnu99 -o conftest -g -O2 -Wall -Wextra -Wno-unused-parameter   conftest.c  >&5
configure:4130: $? = 0
configure:4130: ./conftest
configure:4130: $? = 0
configure:4140: result: yes
configure:4164: checking for dup2
configure:4164: gcc -std=gnu99 -o conftest -g -O2 -Wall -Wextra -Wno-unused-parameter   conftest.c  >&5
configure:4164: $? = 0
configure:4164: result: yes
configure:4164: checking for select
configure:4164: gcc -std=gnu99 -o conftest -g -O2 -Wall -Wextra -Wno-unused-parameter   conftest.c  >&5
configure:4164: $? = 0
configure:4164: result: yes
configure:4164: checking for strchr
configure:4164: gcc -std=gnu99 -o conftest -g -O2 -Wall -Wextra -Wno-unused-parameter   conftest.c  >&5
conftest.c:57:6: warning: conflicting types for built-in function 'strchr' [enabled by default]
 char strchr ();
      ^
configure:4164: $? = 0
configure:4164: result: yes
configure:4164: checking for strdup
configure:4164: gcc -std=gnu99 -o conftest -g -O2 -Wall -Wextra -Wno-unused-parameter   conftest.c  >&5
conftest.c:58:6: warning: conflicting types for built-in function 'strdup' [enabled by default]
 char strdup ();
      ^
configure:4164: $? = 0
configure:4164: result: yes
configure:4164: checking for strerror
configure:4164: gcc -std=gnu99 -o conftest -g -O2 -Wall -Wextra -Wno-unused-parameter   conftest.c  >&5
configure:4164: $? = 0
configure:4164: result: yes
configure:4164: checking for strstr
configure:4164: gcc -std=gnu99 -o conftest -g -O2 -Wall -Wextra -Wno-unused-parameter   conftest.c  >&5
conftest.c:60:6: warning: conflicting types for built-in function 'strstr' [enabled by default]
 char strstr ();
      ^
configure:4164: $? = 0
configure:4164: result: yes
configure:4164: checking for strtol
configure:4164: gcc -std=gnu99 -o conftest -g -O2 -Wall -Wextra -Wno-unused-parameter   conftest.c  >&5
configure:4164: $? = 0
configure:4164: result: yes
configure:4290: creating ./config.status

## ---------------------- ##
## Running config.status. ##
## ---------------------- ##

This file was extended by vcprompt config.status 1.1, which was
generated by GNU Autoconf 2.69.  Invocation command line was

  CONFIG_FILES    = 
  CONFIG_HEADERS  = 
  CONFIG_LINKS    = 
  CONFIG_COMMANDS = 
  $ ./config.status 

on T420

config.status:818: creating Makefile
config.status:818: creating config.h

## ---------------- ##
## Cache variables. ##
## ---------------- ##

ac_cv_c_compiler_gnu=yes
ac_cv_c_uint32_t=yes
ac_cv_env_CC_set=
ac_cv_env_CC_value=
ac_cv_env_CFLAGS_set=
ac_cv_env_CFLAGS_value=
ac_cv_env_CPPFLAGS_set=
ac_cv_env_CPPFLAGS_value=
ac_cv_env_CPP_set=
ac_cv_env_CPP_value=
ac_cv_env_LDFLAGS_set=
ac_cv_env_LDFLAGS_value=
ac_cv_env_LIBS_set=
ac_cv_env_LIBS_value=
ac_cv_env_build_alias_set=
ac_cv_env_build_alias_value=
ac_cv_env_host_alias_set=
ac_cv_env_host_alias_value=
ac_cv_env_target_alias_set=
ac_cv_env_target_alias_value=
ac_cv_func_dup2=yes
ac_cv_func_fork=yes
ac_cv_func_fork_works=yes
ac_cv_func_malloc_0_nonnull=yes
ac_cv_func_realloc_0_nonnull=yes
ac_cv_func_select=yes
ac_cv_func_strchr=yes
ac_cv_func_strdup=yes
ac_cv_func_strerror=yes
ac_cv_func_strstr=yes
ac_cv_func_strtol=yes
ac_cv_func_vfork=yes
ac_cv_func_vfork_works=yes
ac_cv_header_arpa_inet_h=yes
ac_cv_header_inttypes_h=yes
ac_cv_header_memory_h=yes
ac_cv_header_sqlite3_h=no
ac_cv_header_stdc=yes
ac_cv_header_stdint_h=yes
ac_cv_header_stdlib_h=yes
ac_cv_header_string_h=yes
ac_cv_header_strings_h=yes
ac_cv_header_sys_stat_h=yes
ac_cv_header_sys_time_h=yes
ac_cv_header_sys_types_h=yes
ac_cv_header_unistd_h=yes
ac_cv_header_vfork_h=no
ac_cv_lib_sqlite3_sqlite3_open_v2=no
ac_cv_objext=o
ac_cv_path_EGREP='/bin/grep -E'
ac_cv_path_GREP=/bin/grep
ac_cv_prog_CPP='gcc -std=gnu99 -E'
ac_cv_prog_ac_ct_CC=gcc
ac_cv_prog_cc_c89=
ac_cv_prog_cc_c99=-std=gnu99
ac_cv_prog_cc_g=yes
ac_cv_prog_make_make_set=yes
ac_cv_type_mode_t=yes
ac_cv_type_pid_t=yes
ac_cv_type_size_t=yes
ac_cv_type_ssize_t=yes

## ----------------- ##
## Output variables. ##
## ----------------- ##

CC='gcc -std=gnu99'
CFLAGS='-g -O2 -Wall -Wextra -Wno-unused-parameter'
CPP='gcc -std=gnu99 -E'
CPPFLAGS=''
DEFS='-DHAVE_CONFIG_H'
ECHO_C=''
ECHO_N='-n'
ECHO_T=''
EGREP='/bin/grep -E'
EXEEXT=''
GREP='/bin/grep'
LDFLAGS=''
LIBOBJS=''
LIBS=''
LTLIBOBJS=''
OBJEXT='o'
PACKAGE_BUGREPORT='vcprompt-devel@googlegroups.com'
PACKAGE_NAME='vcprompt'
PACKAGE_STRING='vcprompt 1.1'
PACKAGE_TARNAME='vcprompt'
PACKAGE_URL=''
PACKAGE_VERSION='1.1'
PATH_SEPARATOR=':'
SET_MAKE=''
SHELL='/bin/bash'
ac_ct_CC='gcc'
bindir='${exec_prefix}/bin'
build_alias=''
datadir='${datarootdir}'
datarootdir='${prefix}/share'
docdir='${datarootdir}/doc/${PACKAGE_TARNAME}'
dvidir='${docdir}'
exec_prefix='${prefix}'
host_alias=''
htmldir='${docdir}'
includedir='${prefix}/include'
infodir='${datarootdir}/info'
libdir='${exec_prefix}/lib'
libexecdir='${exec_prefix}/libexec'
localedir='${datarootdir}/locale'
localstatedir='${prefix}/var'
mandir='${datarootdir}/man'
oldincludedir='/usr/include'
pdfdir='${docdir}'
prefix='/usr/local'
program_transform_name='s,x,x,'
psdir='${docdir}'
sbindir='${exec_prefix}/sbin'
sharedstatedir='${prefix}/com'
sysconfdir='${prefix}/etc'
target_alias=''

## ----------- ##
## confdefs.h. ##
## ----------- ##

/* confdefs.h */
#define PACKAGE_NAME "vcprompt"
#define PACKAGE_TARNAME "vcprompt"
#define PACKAGE_VERSION "1.1"
#define PACKAGE_STRING "vcprompt 1.1"
#define PACKAGE_BUGREPORT "vcprompt-devel@googlegroups.com"
#define PACKAGE_URL ""
#define STDC_HEADERS 1
#define HAVE_SYS_TYPES_H 1
#define HAVE_SYS_STAT_H 1
#define HAVE_STDLIB_H 1
#define HAVE_STRING_H 1
#define HAVE_MEMORY_H 1
#define HAVE_STRINGS_H 1
#define HAVE_INTTYPES_H 1
#define HAVE_STDINT_H 1
#define HAVE_UNISTD_H 1
#define HAVE_ARPA_INET_H 1
#define HAVE_STDLIB_H 1
#define HAVE_STRING_H 1
#define HAVE_SYS_TIME_H 1
#define HAVE_UNISTD_H 1
#define HAVE_FORK 1
#define HAVE_VFORK 1
#define HAVE_WORKING_VFORK 1
#define HAVE_WORKING_FORK 1
#define HAVE_STDLIB_H 1
#define HAVE_MALLOC 1
#define HAVE_STDLIB_H 1
#define HAVE_REALLOC 1
#define HAVE_DUP2 1
#define HAVE_SELECT 1
#define HAVE_STRCHR 1
#define HAVE_STRDUP 1
#define HAVE_STRERROR 1
#define HAVE_STRSTR 1
#define HAVE_STRTOL 1

configure: exit 0
